12/08/15 15:18:30 INFO util.VersionInfo: HBase 0.92.1
12/08/15 15:18:30 INFO util.VersionInfo: Subversion file:///usr/local/hbase-0.92.1 -r Unknown
12/08/15 15:18:30 INFO util.VersionInfo: Compiled by dailawadi on Mon Jul 30 13:11:46 EDT 2012
12/08/15 15:18:31 INFO zookeeper.ZooKeeper: Client environment:zookeeper.version=3.4.3-1240972, built on 02/06/2012 10:48 GMT
12/08/15 15:18:31 INFO zookeeper.ZooKeeper: Client environment:host.name=localhost
12/08/15 15:18:31 INFO zookeeper.ZooKeeper: Client environment:java.version=1.6.0_26
12/08/15 15:18:31 INFO zookeeper.ZooKeeper: Client environment:java.vendor=Sun Microsystems Inc.
12/08/15 15:18:31 INFO zookeeper.ZooKeeper: Client environment:java.home=/usr/lib/jvm/java-6-sun-1.6.0.26/jre
12/08/15 15:18:31 INFO zookeeper.ZooKeeper: Client environment:java.class.path=/mts-cm/home/dailawadi/Documents/hbase-0.92.1/bin/../conf:/usr/lib/jvm/java-6-sun/lib/tools.jar:/mts-cm/home/dailawadi/Documents/hbase-0.92.1/bin/..:/mts-cm/home/dailawadi/Documents/hbase-0.92.1/bin/../hbase-0.92.1.jar:/mts-cm/home/dailawadi/Documents/hbase-0.92.1/bin/../hbase-0.92.1-tests.jar:/mts-cm/home/dailawadi/Documents/hbase-0.92.1/bin/../lib/activation-1.1.jar:/mts-cm/home/dailawadi/Documents/hbase-0.92.1/bin/../lib/asm-3.1.jar:/mts-cm/home/dailawadi/Documents/hbase-0.92.1/bin/../lib/avro-1.5.3.jar:/mts-cm/home/dailawadi/Documents/hbase-0.92.1/bin/../lib/avro-ipc-1.5.3.jar:/mts-cm/home/dailawadi/Documents/hbase-0.92.1/bin/../lib/commons-beanutils-1.7.0.jar:/mts-cm/home/dailawadi/Documents/hbase-0.92.1/bin/../lib/commons-beanutils-core-1.8.0.jar:/mts-cm/home/dailawadi/Documents/hbase-0.92.1/bin/../lib/commons-cli-1.2.jar:/mts-cm/home/dailawadi/Documents/hbase-0.92.1/bin/../lib/commons-codec-1.4.jar:/mts-cm/home/dailawadi/Documents/hbase-0.92.1/bin/../lib/commons-collections-3.2.1.jar:/mts-cm/home/dailawadi/Documents/hbase-0.92.1/bin/../lib/commons-configuration-1.6.jar:/mts-cm/home/dailawadi/Documents/hbase-0.92.1/bin/../lib/commons-digester-1.8.jar:/mts-cm/home/dailawadi/Documents/hbase-0.92.1/bin/../lib/commons-el-1.0.jar:/mts-cm/home/dailawadi/Documents/hbase-0.92.1/bin/../lib/commons-httpclient-3.1.jar:/mts-cm/home/dailawadi/Documents/hbase-0.92.1/bin/../lib/commons-lang-2.5.jar:/mts-cm/home/dailawadi/Documents/hbase-0.92.1/bin/../lib/commons-logging-1.1.1.jar:/mts-cm/home/dailawadi/Documents/hbase-0.92.1/bin/../lib/commons-math-2.1.jar:/mts-cm/home/dailawadi/Documents/hbase-0.92.1/bin/../lib/commons-net-1.4.1.jar:/mts-cm/home/dailawadi/Documents/hbase-0.92.1/bin/../lib/core-3.1.1.jar:/mts-cm/home/dailawadi/Documents/hbase-0.92.1/bin/../lib/guava-r09.jar:/mts-cm/home/dailawadi/Documents/hbase-0.92.1/bin/../lib/hadoop-core-1.0.0.jar:/mts-cm/home/dailawadi/Documents/hbase-0.92.1/bin/../lib/high-scale-lib-1.1.1.jar:/mts-cm/home/dailawadi/Documents/hbase-0.92.1/bin/../lib/httpclient-4.0.1.jar:/mts-cm/home/dailawadi/Documents/hbase-0.92.1/bin/../lib/httpcore-4.0.1.jar:/mts-cm/home/dailawadi/Documents/hbase-0.92.1/bin/../lib/jackson-core-asl-1.5.5.jar:/mts-cm/home/dailawadi/Documents/hbase-0.92.1/bin/../lib/jackson-jaxrs-1.5.5.jar:/mts-cm/home/dailawadi/Documents/hbase-0.92.1/bin/../lib/jackson-mapper-asl-1.5.5.jar:/mts-cm/home/dailawadi/Documents/hbase-0.92.1/bin/../lib/jackson-xc-1.5.5.jar:/mts-cm/home/dailawadi/Documents/hbase-0.92.1/bin/../lib/jamon-runtime-2.3.1.jar:/mts-cm/home/dailawadi/Documents/hbase-0.92.1/bin/../lib/jasper-compiler-5.5.23.jar:/mts-cm/home/dailawadi/Documents/hbase-0.92.1/bin/../lib/jasper-runtime-5.5.23.jar:/mts-cm/home/dailawadi/Documents/hbase-0.92.1/bin/../lib/jaxb-api-2.1.jar:/mts-cm/home/dailawadi/Documents/hbase-0.92.1/bin/../lib/jaxb-impl-2.1.12.jar:/mts-cm/home/dailawadi/Documents/hbase-0.92.1/bin/../lib/jersey-core-1.4.jar:/mts-cm/home/dailawadi/Documents/hbase-0.92.1/bin/../lib/jersey-json-1.4.jar:/mts-cm/home/dailawadi/Documents/hbase-0.92.1/bin/../lib/jersey-server-1.4.jar:/mts-cm/home/dailawadi/Documents/hbase-0.92.1/bin/../lib/jettison-1.1.jar:/mts-cm/home/dailawadi/Documents/hbase-0.92.1/bin/../lib/jetty-6.1.26.jar:/mts-cm/home/dailawadi/Documents/hbase-0.92.1/bin/../lib/jetty-util-6.1.26.jar:/mts-cm/home/dailawadi/Documents/hbase-0.92.1/bin/../lib/jruby-complete-1.6.5.jar:/mts-cm/home/dailawadi/Documents/hbase-0.92.1/bin/../lib/jsp-2.1-6.1.14.jar:/mts-cm/home/dailawadi/Documents/hbase-0.92.1/bin/../lib/jsp-api-2.1-6.1.14.jar:/mts-cm/home/dailawadi/Documents/hbase-0.92.1/bin/../lib/libthrift-0.7.0.jar:/mts-cm/home/dailawadi/Documents/hbase-0.92.1/bin/../lib/log4j-1.2.16.jar:/mts-cm/home/dailawadi/Documents/hbase-0.92.1/bin/../lib/netty-3.2.4.Final.jar:/mts-cm/home/dailawadi/Documents/hbase-0.92.1/bin/../lib/protobuf-java-2.4.0a.jar:/mts-cm/home/dailawadi/Documents/hbase-0.92.1/bin/../lib/SecureBase-0.1.jar:/mts-cm/home/dailawadi/Documents/hbase-0.92.1/bin/../lib/servlet-api-2.5-6.1.14.jar:/mts-cm/home/dailawadi/Documents/hbase-0.92.1/bin/../lib/servlet-api-2.5.jar:/mts-cm/home/dailawadi/Documents/hbase-0.92.1/bin/../lib/slf4j-api-1.5.8.jar:/mts-cm/home/dailawadi/Documents/hbase-0.92.1/bin/../lib/slf4j-log4j12-1.5.8.jar:/mts-cm/home/dailawadi/Documents/hbase-0.92.1/bin/../lib/snappy-java-1.0.3.2.jar:/mts-cm/home/dailawadi/Documents/hbase-0.92.1/bin/../lib/stax-api-1.0.1.jar:/mts-cm/home/dailawadi/Documents/hbase-0.92.1/bin/../lib/velocity-1.7.jar:/mts-cm/home/dailawadi/Documents/hbase-0.92.1/bin/../lib/xmlenc-0.52.jar:/mts-cm/home/dailawadi/Documents/hbase-0.92.1/bin/../lib/zookeeper-3.4.3.jar:
12/08/15 15:18:31 INFO zookeeper.ZooKeeper: Client environment:java.library.path=/mts-cm/home/dailawadi/Documents/hbase-0.92.1/bin/../lib/native/Linux-amd64-64
12/08/15 15:18:31 INFO zookeeper.ZooKeeper: Client environment:java.io.tmpdir=/tmp
12/08/15 15:18:31 INFO zookeeper.ZooKeeper: Client environment:java.compiler=<NA>
12/08/15 15:18:31 INFO zookeeper.ZooKeeper: Client environment:os.name=Linux
12/08/15 15:18:31 INFO zookeeper.ZooKeeper: Client environment:os.arch=amd64
12/08/15 15:18:31 INFO zookeeper.ZooKeeper: Client environment:os.version=3.0.0-23-generic
12/08/15 15:18:31 INFO zookeeper.ZooKeeper: Client environment:user.name=dailawadi
12/08/15 15:18:31 INFO zookeeper.ZooKeeper: Client environment:user.home=/mts-cm/home/dailawadi
12/08/15 15:18:31 INFO zookeeper.ZooKeeper: Client environment:user.dir=/mts-cm/home/dailawadi/Documents/hbase-0.92.1
12/08/15 15:18:31 INFO zookeeper.ZooKeeper: Initiating client connection, connectString=localhost:2181 sessionTimeout=180000 watcher=hconnection
12/08/15 15:18:31 INFO zookeeper.ClientCnxn: Opening socket connection to server /127.0.0.1:2181
12/08/15 15:18:31 INFO zookeeper.RecoverableZooKeeper: The identifier of this process is 21956@vmc-floord-dhcp124-62
12/08/15 15:18:31 WARN client.ZooKeeperSaslClient: SecurityException: java.lang.SecurityException: Unable to locate a login configuration occurred when trying to find JAAS configuration.
12/08/15 15:18:31 INFO client.ZooKeeperSaslClient: Client will not SASL-authenticate because the default JAAS configuration section 'Client' could not be found. If you are not using SASL, you may ignore this. On the other hand, if you expected SASL to work, please fix your JAAS configuration.
12/08/15 15:18:31 INFO zookeeper.ClientCnxn: Socket connection established to localhost/127.0.0.1:2181, initiating session
12/08/15 15:18:31 INFO zookeeper.ClientCnxn: Session establishment complete on server localhost/127.0.0.1:2181, sessionid = 0x1392bb81a9f0004, negotiated timeout = 40000
